<?xml version="1.0" encoding="UTF-8"?>
<testsuite xmlns:xsi="http://www.w3.org/2001/XMLSchema-instance" xsi:noNamespaceSchemaLocation="https://maven.apache.org/surefire/maven-surefire-plugin/xsd/surefire-test-report-3.0.xsd" version="3.0" name="com.seuprojeto.transplantes.AppTest" time="0.103" tests="1" errors="0" skipped="0" failures="0">
  <properties>
    <property name="java.specification.version" value="21"/>
    <property name="sun.jnu.encoding" value="UTF-8"/>
    <property name="java.class.path" value="/workspaces/transplantes-excel-java/transplantes-excel/target/test-classes:/workspaces/transplantes-excel-java/transplantes-excel/target/classes:/home/codespace/.m2/repository/org/springframework/boot/spring-boot-starter-web/3.1.4/spring-boot-starter-web-3.1.4.jar:/home/codespace/.m2/repository/org/springframework/boot/spring-boot-starter/3.1.4/spring-boot-starter-3.1.4.jar:/home/codespace/.m2/repository/org/springframework/boot/spring-boot/3.1.4/spring-boot-3.1.4.jar:/home/codespace/.m2/repository/org/springframework/boot/spring-boot-autoconfigure/3.1.4/spring-boot-autoconfigure-3.1.4.jar:/home/codespace/.m2/repository/org/springframework/boot/spring-boot-starter-logging/3.1.4/spring-boot-starter-logging-3.1.4.jar:/home/codespace/.m2/repository/ch/qos/logback/logback-classic/1.4.11/logback-classic-1.4.11.jar:/home/codespace/.m2/repository/ch/qos/logback/logback-core/1.4.11/logback-core-1.4.11.jar:/home/codespace/.m2/repository/org/slf4j/slf4j-api/2.0.9/slf4j-api-2.0.9.jar:/home/codespace/.m2/repository/org/apache/logging/log4j/log4j-to-slf4j/2.20.0/log4j-to-slf4j-2.20.0.jar:/home/codespace/.m2/repository/org/slf4j/jul-to-slf4j/2.0.9/jul-to-slf4j-2.0.9.jar:/home/codespace/.m2/repository/jakarta/annotation/jakarta.annotation-api/2.1.1/jakarta.annotation-api-2.1.1.jar:/home/codespace/.m2/repository/org/springframework/spring-core/6.0.12/spring-core-6.0.12.jar:/home/codespace/.m2/repository/org/springframework/spring-jcl/6.0.12/spring-jcl-6.0.12.jar:/home/codespace/.m2/repository/org/yaml/snakeyaml/1.33/snakeyaml-1.33.jar:/home/codespace/.m2/repository/org/springframework/boot/spring-boot-starter-json/3.1.4/spring-boot-starter-json-3.1.4.jar:/home/codespace/.m2/repository/com/fasterxml/jackson/core/jackson-databind/2.15.2/jackson-databind-2.15.2.jar:/home/codespace/.m2/repository/com/fasterxml/jackson/core/jackson-annotations/2.15.2/jackson-annotations-2.15.2.jar:/home/codespace/.m2/repository/com/fasterxml/jackson/core/jackson-core/2.15.2/jackson-core-2.15.2.jar:/home/codespace/.m2/repository/com/fasterxml/jackson/datatype/jackson-datatype-jdk8/2.15.2/jackson-datatype-jdk8-2.15.2.jar:/home/codespace/.m2/repository/com/fasterxml/jackson/datatype/jackson-datatype-jsr310/2.15.2/jackson-datatype-jsr310-2.15.2.jar:/home/codespace/.m2/repository/com/fasterxml/jackson/module/jackson-module-parameter-names/2.15.2/jackson-module-parameter-names-2.15.2.jar:/home/codespace/.m2/repository/org/springframework/boot/spring-boot-starter-tomcat/3.1.4/spring-boot-starter-tomcat-3.1.4.jar:/home/codespace/.m2/repository/org/apache/tomcat/embed/tomcat-embed-core/10.1.13/tomcat-embed-core-10.1.13.jar:/home/codespace/.m2/repository/org/apache/tomcat/embed/tomcat-embed-el/10.1.13/tomcat-embed-el-10.1.13.jar:/home/codespace/.m2/repository/org/apache/tomcat/embed/tomcat-embed-websocket/10.1.13/tomcat-embed-websocket-10.1.13.jar:/home/codespace/.m2/repository/org/springframework/spring-web/6.0.12/spring-web-6.0.12.jar:/home/codespace/.m2/repository/org/springframework/spring-beans/6.0.12/spring-beans-6.0.12.jar:/home/codespace/.m2/repository/io/micrometer/micrometer-observation/1.11.4/micrometer-observation-1.11.4.jar:/home/codespace/.m2/repository/io/micrometer/micrometer-commons/1.11.4/micrometer-commons-1.11.4.jar:/home/codespace/.m2/repository/org/springframework/spring-webmvc/6.0.12/spring-webmvc-6.0.12.jar:/home/codespace/.m2/repository/org/springframework/spring-aop/6.0.12/spring-aop-6.0.12.jar:/home/codespace/.m2/repository/org/springframework/spring-context/6.0.12/spring-context-6.0.12.jar:/home/codespace/.m2/repository/org/springframework/spring-expression/6.0.12/spring-expression-6.0.12.jar:/home/codespace/.m2/repository/org/apache/poi/poi-ooxml/5.4.1/poi-ooxml-5.4.1.jar:/home/codespace/.m2/repository/org/apache/poi/poi/5.4.1/poi-5.4.1.jar:/home/codespace/.m2/repository/commons-codec/commons-codec/1.15/commons-codec-1.15.jar:/home/codespace/.m2/repository/org/apache/commons/commons-math3/3.6.1/commons-math3-3.6.1.jar:/home/codespace/.m2/repository/com/zaxxer/SparseBitSet/1.3/SparseBitSet-1.3.jar:/home/codespace/.m2/repository/org/apache/poi/poi-ooxml-lite/5.4.1/poi-ooxml-lite-5.4.1.jar:/home/codespace/.m2/repository/org/apache/xmlbeans/xmlbeans/5.3.0/xmlbeans-5.3.0.jar:/home/codespace/.m2/repository/org/apache/commons/commons-compress/1.27.1/commons-compress-1.27.1.jar:/home/codespace/.m2/repository/org/apache/commons/commons-lang3/3.12.0/commons-lang3-3.12.0.jar:/home/codespace/.m2/repository/commons-io/commons-io/2.18.0/commons-io-2.18.0.jar:/home/codespace/.m2/repository/com/github/virtuald/curvesapi/1.08/curvesapi-1.08.jar:/home/codespace/.m2/repository/org/apache/logging/log4j/log4j-api/2.20.0/log4j-api-2.20.0.jar:/home/codespace/.m2/repository/org/apache/commons/commons-collections4/4.4/commons-collections4-4.4.jar:/home/codespace/.m2/repository/junit/junit/4.13.2/junit-4.13.2.jar:/home/codespace/.m2/repository/org/hamcrest/hamcrest-core/2.2/hamcrest-core-2.2.jar:/home/codespace/.m2/repository/org/hamcrest/hamcrest/2.2/hamcrest-2.2.jar:"/>
    <property name="java.vm.vendor" value="Microsoft"/>
    <property name="sun.arch.data.model" value="64"/>
    <property name="java.vendor.url" value="https://www.microsoft.com"/>
    <property name="os.name" value="Linux"/>
    <property name="java.vm.specification.version" value="21"/>
    <property name="sun.java.launcher" value="SUN_STANDARD"/>
    <property name="sun.boot.library.path" value="/usr/local/sdkman/candidates/java/21.0.7-ms/lib"/>
    <property name="sun.java.command" value="/workspaces/transplantes-excel-java/transplantes-excel/target/surefire/surefirebooter-20251003192031447_3.jar /workspaces/transplantes-excel-java/transplantes-excel/target/surefire 2025-10-03T19-20-31_342-jvmRun1 surefire-20251003192031447_1tmp surefire_0-20251003192031447_2tmp"/>
    <property name="jdk.debug" value="release"/>
    <property name="surefire.test.class.path" value="/workspaces/transplantes-excel-java/transplantes-excel/target/test-classes:/workspaces/transplantes-excel-java/transplantes-excel/target/classes:/home/codespace/.m2/repository/org/springframework/boot/spring-boot-starter-web/3.1.4/spring-boot-starter-web-3.1.4.jar:/home/codespace/.m2/repository/org/springframework/boot/spring-boot-starter/3.1.4/spring-boot-starter-3.1.4.jar:/home/codespace/.m2/repository/org/springframework/boot/spring-boot/3.1.4/spring-boot-3.1.4.jar:/home/codespace/.m2/repository/org/springframework/boot/spring-boot-autoconfigure/3.1.4/spring-boot-autoconfigure-3.1.4.jar:/home/codespace/.m2/repository/org/springframework/boot/spring-boot-starter-logging/3.1.4/spring-boot-starter-logging-3.1.4.jar:/home/codespace/.m2/repository/ch/qos/logback/logback-classic/1.4.11/logback-classic-1.4.11.jar:/home/codespace/.m2/repository/ch/qos/logback/logback-core/1.4.11/logback-core-1.4.11.jar:/home/codespace/.m2/repository/org/slf4j/slf4j-api/2.0.9/slf4j-api-2.0.9.jar:/home/codespace/.m2/repository/org/apache/logging/log4j/log4j-to-slf4j/2.20.0/log4j-to-slf4j-2.20.0.jar:/home/codespace/.m2/repository/org/slf4j/jul-to-slf4j/2.0.9/jul-to-slf4j-2.0.9.jar:/home/codespace/.m2/repository/jakarta/annotation/jakarta.annotation-api/2.1.1/jakarta.annotation-api-2.1.1.jar:/home/codespace/.m2/repository/org/springframework/spring-core/6.0.12/spring-core-6.0.12.jar:/home/codespace/.m2/repository/org/springframework/spring-jcl/6.0.12/spring-jcl-6.0.12.jar:/home/codespace/.m2/repository/org/yaml/snakeyaml/1.33/snakeyaml-1.33.jar:/home/codespace/.m2/repository/org/springframework/boot/spring-boot-starter-json/3.1.4/spring-boot-starter-json-3.1.4.jar:/home/codespace/.m2/repository/com/fasterxml/jackson/core/jackson-databind/2.15.2/jackson-databind-2.15.2.jar:/home/codespace/.m2/repository/com/fasterxml/jackson/core/jackson-annotations/2.15.2/jackson-annotations-2.15.2.jar:/home/codespace/.m2/repository/com/fasterxml/jackson/core/jackson-core/2.15.2/jackson-core-2.15.2.jar:/home/codespace/.m2/repository/com/fasterxml/jackson/datatype/jackson-datatype-jdk8/2.15.2/jackson-datatype-jdk8-2.15.2.jar:/home/codespace/.m2/repository/com/fasterxml/jackson/datatype/jackson-datatype-jsr310/2.15.2/jackson-datatype-jsr310-2.15.2.jar:/home/codespace/.m2/repository/com/fasterxml/jackson/module/jackson-module-parameter-names/2.15.2/jackson-module-parameter-names-2.15.2.jar:/home/codespace/.m2/repository/org/springframework/boot/spring-boot-starter-tomcat/3.1.4/spring-boot-starter-tomcat-3.1.4.jar:/home/codespace/.m2/repository/org/apache/tomcat/embed/tomcat-embed-core/10.1.13/tomcat-embed-core-10.1.13.jar:/home/codespace/.m2/repository/org/apache/tomcat/embed/tomcat-embed-el/10.1.13/tomcat-embed-el-10.1.13.jar:/home/codespace/.m2/repository/org/apache/tomcat/embed/tomcat-embed-websocket/10.1.13/tomcat-embed-websocket-10.1.13.jar:/home/codespace/.m2/repository/org/springframework/spring-web/6.0.12/spring-web-6.0.12.jar:/home/codespace/.m2/repository/org/springframework/spring-beans/6.0.12/spring-beans-6.0.12.jar:/home/codespace/.m2/repository/io/micrometer/micrometer-observation/1.11.4/micrometer-observation-1.11.4.jar:/home/codespace/.m2/repository/io/micrometer/micrometer-commons/1.11.4/micrometer-commons-1.11.4.jar:/home/codespace/.m2/repository/org/springframework/spring-webmvc/6.0.12/spring-webmvc-6.0.12.jar:/home/codespace/.m2/repository/org/springframework/spring-aop/6.0.12/spring-aop-6.0.12.jar:/home/codespace/.m2/repository/org/springframework/spring-context/6.0.12/spring-context-6.0.12.jar:/home/codespace/.m2/repository/org/springframework/spring-expression/6.0.12/spring-expression-6.0.12.jar:/home/codespace/.m2/repository/org/apache/poi/poi-ooxml/5.4.1/poi-ooxml-5.4.1.jar:/home/codespace/.m2/repository/org/apache/poi/poi/5.4.1/poi-5.4.1.jar:/home/codespace/.m2/repository/commons-codec/commons-codec/1.15/commons-codec-1.15.jar:/home/codespace/.m2/repository/org/apache/commons/commons-math3/3.6.1/commons-math3-3.6.1.jar:/home/codespace/.m2/repository/com/zaxxer/SparseBitSet/1.3/SparseBitSet-1.3.jar:/home/codespace/.m2/repository/org/apache/poi/poi-ooxml-lite/5.4.1/poi-ooxml-lite-5.4.1.jar:/home/codespace/.m2/repository/org/apache/xmlbeans/xmlbeans/5.3.0/xmlbeans-5.3.0.jar:/home/codespace/.m2/repository/org/apache/commons/commons-compress/1.27.1/commons-compress-1.27.1.jar:/home/codespace/.m2/repository/org/apache/commons/commons-lang3/3.12.0/commons-lang3-3.12.0.jar:/home/codespace/.m2/repository/commons-io/commons-io/2.18.0/commons-io-2.18.0.jar:/home/codespace/.m2/repository/com/github/virtuald/curvesapi/1.08/curvesapi-1.08.jar:/home/codespace/.m2/repository/org/apache/logging/log4j/log4j-api/2.20.0/log4j-api-2.20.0.jar:/home/codespace/.m2/repository/org/apache/commons/commons-collections4/4.4/commons-collections4-4.4.jar:/home/codespace/.m2/repository/junit/junit/4.13.2/junit-4.13.2.jar:/home/codespace/.m2/repository/org/hamcrest/hamcrest-core/2.2/hamcrest-core-2.2.jar:/home/codespace/.m2/repository/org/hamcrest/hamcrest/2.2/hamcrest-2.2.jar:"/>
    <property name="sun.cpu.endian" value="little"/>
    <property name="user.home" value="/home/codespace"/>
    <property name="user.language" value="en"/>
    <property name="java.specification.vendor" value="Oracle Corporation"/>
    <property name="java.version.date" value="2025-04-15"/>
    <property name="java.home" value="/usr/local/sdkman/candidates/java/21.0.7-ms"/>
    <property name="file.separator" value="/"/>
    <property name="basedir" value="/workspaces/transplantes-excel-java/transplantes-excel"/>
    <property name="java.vm.compressedOopsMode" value="32-bit"/>
    <property name="line.separator" value="&#10;"/>
    <property name="java.specification.name" value="Java Platform API Specification"/>
    <property name="java.vm.specification.vendor" value="Oracle Corporation"/>
    <property name="surefire.real.class.path" value="/workspaces/transplantes-excel-java/transplantes-excel/target/surefire/surefirebooter-20251003192031447_3.jar"/>
    <property name="sun.management.compiler" value="HotSpot 64-Bit Tiered Compilers"/>
    <property name="java.runtime.version" value="21.0.7+6-LTS"/>
    <property name="user.name" value="codespace"/>
    <property name="stdout.encoding" value="UTF-8"/>
    <property name="path.separator" value=":"/>
    <property name="os.version" value="6.8.0-1030-azure"/>
    <property name="java.runtime.name" value="OpenJDK Runtime Environment"/>
    <property name="file.encoding" value="UTF-8"/>
    <property name="java.vm.name" value="OpenJDK 64-Bit Server VM"/>
    <property name="java.vendor.version" value="Microsoft-11369942"/>
    <property name="localRepository" value="/home/codespace/.m2/repository"/>
    <property name="java.vendor.url.bug" value="https://github.com/microsoft/openjdk/issues"/>
    <property name="java.io.tmpdir" value="/tmp"/>
    <property name="java.version" value="21.0.7"/>
    <property name="user.dir" value="/workspaces/transplantes-excel-java/transplantes-excel"/>
    <property name="os.arch" value="amd64"/>
    <property name="java.vm.specification.name" value="Java Virtual Machine Specification"/>
    <property name="native.encoding" value="UTF-8"/>
    <property name="java.library.path" value="/usr/java/packages/lib:/usr/lib64:/lib64:/lib:/usr/lib"/>
    <property name="java.vm.info" value="mixed mode, sharing"/>
    <property name="stderr.encoding" value="UTF-8"/>
    <property name="java.vendor" value="Microsoft"/>
    <property name="java.vm.version" value="21.0.7+6-LTS"/>
    <property name="sun.io.unicode.encoding" value="UnicodeLittle"/>
    <property name="java.class.version" value="65.0"/>
  </properties>
  <testcase name="testApp" classname="com.seuprojeto.transplantes.AppTest" time="0.011"/>
</testsuite>